F
======================================================================
FAIL: test_str (__main__.TestUntitled)
simple example to start you off
----------------------------------------------------------------------
Traceback (most recent call last):
  File "test_untitled.py", line 9, in test_str
    self.assertEqual(6 * 9, obj.answer())
AssertionError: 54 != 42

----------------------------------------------------------------------
Ran 1 test in 0.000s

FAILED (failures=1)