Run starting. Expected test count is: 1
HikerSuite:
- the answer to life the universe and everything *** FAILED ***
  54 did not equal 42 (hiker_tests.scala:8)
Run completed in 255 milliseconds.
Total number of tests run: 1
Suites: completed 1, aborted 0
Tests: succeeded 0, failed 1, canceled 0, ignored 0, pending 0
*** 1 TEST FAILED ***
